Arguments: 
  /Users/okada/.anyenv/envs/ndenv/versions/v7.3.0/bin/node /Users/okada/.anyenv/envs/ndenv/versions/v7.3.0/bin/yarn

PATH: 
  /Users/okada/.anyenv/envs/ndenv/versions/v7.3.0/bin:/Users/okada/.anyenv/envs/ndenv/libexec:/Users/okada/.anyenv/envs/ndenv/plugins/node-build/bin:/Users/okada/.ndenv/bin:/Users/okada/.anyenv/envs/ndenv/shims:/Users/okada/.anyenv/envs/ndenv/bin:/Users/okada/.anyenv/bin:/Users/okada/.rbenv/shims:/usr/local/sbin:/usr/local/bin:/usr/local/sbin:/Applications/MAMP/Library/bin:/Applications/MAMP/bin/php/php5.6.2/bin:/usr/local/git/bin:/usr/local/heroku/bin:/usr/bin:/bin:/usr/sbin:/sbin:/usr/local/bin:/opt/X11/bin:/usr/local/git/bin:/Users/okada/.npm:/Users/okada/android/sdk/sdk/platform-tools:/usr/local/opt/go/libexec/bin:/Users/okada/bin:/Users/okada/.anyenv/envs/ndenv/versions/v7.3.0/bin:/Users/okada/Library/Android/sdk/tools:/Users/okada/Library/Android/sdk/platform-tools

Yarn version: 
  0.18.1

Node version: 
  7.3.0

Platform: 
  darwin x64

npm manifest: 
  {
    "name": "nuxtest",
    "version": "1.0.0",
    "description": "Nuxt.js project",
    "author": "wilf312 <g.okada.wilf+github@gmail.com>",
    "private": true,
    "dependencies": {
      "nuxt": "latest"
    },
    "scripts": {
      "dev": "nuxt",
      "build": "nuxt build",
      "start": "nuxt start",
      "generate": "nuxt generate",
      "lint": "eslint --ext .js,.vue --ignore-path .gitignore .",
      "precommit": "npm run lint"
    },
    "devDependencies": {
      "babel-eslint": "^7.1.1",
      "eslint": "^3.15.0",
      "eslint-config-standard": "^6.2.1",
      "eslint-loader": "^1.6.1",
      "eslint-plugin-html": "^2.0.0",
      "eslint-plugin-promise": "^3.4.1",
      "eslint-plugin-standard": "^2.0.1"
    }
  }

yarn manifest: 
  No manifest

Lockfile: 
  No lockfile

Trace: 
  Error: getaddrinfo ENOTFOUND registry.yarnpkg.com registry.yarnpkg.com:443
      at errnoException (dns.js:28:10)
      at GetAddrInfoReqWrap.onlookup [as oncomplete] (dns.js:76:26)
